<?xml version="1.0" encoding="UTF-8"?>
<testng-results skipped="0" failed="0" total="1" passed="1">
  <reporter-output>
  </reporter-output>
  <suite name="Default suite" duration-ms="9479" started-at="2016-05-03T02:54:34Z" finished-at="2016-05-03T02:54:44Z">
    <groups>
    </groups>
    <test name="Default test" duration-ms="9479" started-at="2016-05-03T02:54:34Z" finished-at="2016-05-03T02:54:44Z">
      <class name="EdRincon.GitTest.App">
        <test-method status="PASS" signature="tutorial()[pri:0, instance:EdRincon.GitTest.App@e580929]" name="tutorial" duration-ms="9453" started-at="2016-05-02T21:54:34Z" finished-at="2016-05-02T21:54:44Z">
          <reporter-output>
          </reporter-output>
        </test-method> <!-- tutorial -->
      </class> <!-- EdRincon.GitTest.App -->
    </test> <!-- Default test -->
  </suite> <!-- Default suite -->
</testng-results>
